<?xml version="1.0" encoding="UTF-8"?>
<testsuite name="weinfeld.dateConverter.dateServiceTest" tests="1" skipped="0" failures="0" errors="0" timestamp="2020-05-03T18:51:55" hostname="DESKTOP-VAI5R9R" time="0.595">
  <properties/>
  <testcase name="getDate" classname="weinfeld.dateConverter.dateServiceTest" time="0.595"/>
  <system-out><![CDATA[]]></system-out>
  <system-err><![CDATA[]]></system-err>
</testsuite>
